<?xml version="1.0" encoding="UTF-8"?>
<testsuite xmlns:xsi="http://www.w3.org/2001/XMLSchema-instance" xsi:noNamespaceSchemaLocation="https://maven.apache.org/surefire/maven-surefire-plugin/xsd/surefire-test-report.xsd" name="com.digite.cloud.vcs.DocumentArchTests" time="4.193" tests="1" errors="0" skipped="0" failures="1">
  <properties>
[...]
</properties>
  <testcase name="shouldImplementSerializable" classname="com.digite.cloud.vcs.DocumentArchTests$ClassesTests$ThatAreAnnotatedWithDocumentTests" time="0.059">
    <failure message="Rule &apos;classes should be assignable to java.io.Serializable&apos; failed to check any classes. This means either that no classes have been passed to the rule at all, or that no classes passed to the rule matched the `that()` clause. To allow rules being evaluated without checking any classes you can either use `ArchRule.allowEmptyShould(true)` on a single rule or set the configuration property `archRule.failOnEmptyShould = false` to change the behavior globally." type="java.lang.AssertionError">java.lang.AssertionError: Rule 'classes should be assignable to java.io.Serializable' failed to check any classes. This means either that no classes have been passed to the rule at all, or that no classes passed to the rule matched the `that()` clause. To allow rules being evaluated without checking any classes you can either use `ArchRule.allowEmptyShould(true)` on a single rule or set the configuration property `archRule.failOnEmptyShould = false` to change the behavior globally.
	at com.digite.cloud.vcs.DocumentArchTests$ClassesTests$ThatAreAnnotatedWithDocumentTests.shouldImplementSerializable(DocumentArchTests.java:38)
</failure>
  </testcase>
</testsuite>